TN:
SF:src\auth.ts
FN:8,getGithubOAuthEnv
FN:16,isGithubOAuthEnabled
FN:25,missingGithubOAuthKeys
FN:27,(anonymous_3)
FN:30,configurePassport
FN:49,(anonymous_5)
FN:57,(anonymous_6)
FN:58,(anonymous_7)
FN:61,(anonymous_8)
FN:70,getGithubLogin
FN:75,parseAllowlist
FN:78,(anonymous_11)
FN:83,buildAdminAllowlist
FN:98,(anonymous_13)
FNF:14
FNH:5
FNDA:0,getGithubOAuthEnv
FNDA:20,isGithubOAuthEnabled
FNDA:0,missingGithubOAuthKeys
FNDA:0,(anonymous_3)
FNDA:0,configurePassport
FNDA:0,(anonymous_5)
FNDA:0,(anonymous_6)
FNDA:0,(anonymous_7)
FNDA:0,(anonymous_8)
FNDA:0,getGithubLogin
FNDA:12,parseAllowlist
FNDA:12,(anonymous_11)
FNDA:4,buildAdminAllowlist
FNDA:17,(anonymous_13)
DA:9,0
DA:17,20
DA:18,0
DA:26,0
DA:27,0
DA:31,0
DA:33,0
DA:34,0
DA:35,0
DA:39,0
DA:42,0
DA:43,0
DA:44,0
DA:46,0
DA:50,0
DA:51,0
DA:52,0
DA:57,0
DA:58,0
DA:61,7
DA:66,0
DA:67,0
DA:71,0
DA:72,0
DA:76,12
DA:78,12
DA:84,4
DA:98,7
DA:100,17
DA:104,13
DA:107,4
DA:110,4
DA:111,0
DA:114,4
DA:115,4
DA:118,0
DA:119,0
DA:120,0
DA:123,0
DA:124,0
DA:127,0
LF:41
LH:12
BRDA:10,0,0,0
BRDA:10,0,1,0
BRDA:10,0,2,0
BRDA:17,1,0,20
BRDA:17,1,1,0
BRDA:19,2,0,0
BRDA:19,2,1,0
BRDA:19,2,2,0
BRDA:31,3,0,0
BRDA:31,3,1,0
BRDA:34,4,0,0
BRDA:34,4,1,0
BRDA:51,5,0,0
BRDA:51,5,1,0
BRDA:51,6,0,0
BRDA:51,6,1,0
BRDA:66,7,0,0
BRDA:66,7,1,0
BRDA:71,8,0,0
BRDA:71,8,1,0
BRDA:71,8,2,0
BRDA:72,9,0,0
BRDA:72,9,1,0
BRDA:76,10,0,12
BRDA:76,10,1,8
BRDA:100,11,0,13
BRDA:100,11,1,4
BRDA:101,12,0,17
BRDA:101,12,1,17
BRDA:110,13,0,0
BRDA:110,13,1,4
BRDA:110,14,0,4
BRDA:110,14,1,0
BRDA:114,15,0,4
BRDA:114,15,1,0
BRDA:119,16,0,0
BRDA:119,16,1,0
BRDA:123,17,0,0
BRDA:123,17,1,0
BRDA:123,18,0,0
BRDA:123,18,1,0
BRF:41
BRH:10
end_of_record
TN:
SF:src\db.ts
FN:11,resolveDbPath
FN:36,openDb
FN:41,getLabNotesSchemaVersion
FN:58,setLabNotesSchemaVersion
FN:73,bootstrapDb
FN:99,sha256Hex
FN:108,seedMarkerNote
FN:313,isDbEmpty
FNF:8
FNH:6
FNDA:0,resolveDbPath
FNDA:19,openDb
FNDA:19,getLabNotesSchemaVersion
FNDA:19,setLabNotesSchemaVersion
FNDA:19,bootstrapDb
FNDA:19,sha256Hex
FNDA:19,seedMarkerNote
FNDA:0,isDbEmpty
DA:12,0
DA:13,0
DA:17,0
DA:22,0
DA:29,0
DA:30,0
DA:33,0
DA:37,19
DA:38,19
DA:43,19
DA:50,19
DA:54,19
DA:55,19
DA:59,19
DA:66,19
DA:74,19
DA:77,19
DA:79,19
DA:80,19
DA:81,19
DA:82,19
DA:87,19
DA:96,19
DA:100,19
DA:109,19
DA:110,19
DA:111,19
DA:112,19
DA:115,19
DA:121,19
DA:124,19
DA:221,19
DA:223,19
DA:241,19
DA:260,19
DA:261,19
DA:263,19
DA:304,19
DA:314,0
DA:315,0
LF:40
LH:31
BRDA:17,0,0,0
BRDA:17,0,1,0
BRDA:22,1,0,0
BRDA:22,1,1,0
BRDA:24,2,0,0
BRDA:24,2,1,0
BRDA:29,3,0,0
BRDA:29,3,1,0
BRDA:29,4,0,0
BRDA:29,4,1,0
BRDA:37,5,0,0
BRDA:37,5,1,19
BRDA:54,6,0,19
BRDA:54,6,1,19
BRDA:55,7,0,19
BRDA:55,7,1,0
BRDA:74,8,0,0
BRDA:74,8,1,19
BRDA:81,9,0,19
BRDA:81,9,1,0
BRDA:121,10,0,0
BRDA:121,10,1,19
BRF:22
BRH:7
end_of_record
TN:
SF:src\env.ts
FN:31,(anonymous_0)
FN:61,normalizeNodeEnv
FN:67,parsePort
FN:77,validateEnv
FNF:4
FNH:3
FNDA:0,(anonymous_0)
FNDA:7,normalizeNodeEnv
FNDA:7,parsePort
FNDA:7,validateEnv
DA:32,0
DA:33,0
DA:38,7
DA:41,7
DA:43,0
DA:44,0
DA:50,0
DA:51,0
DA:52,0
DA:53,0
DA:57,0
DA:62,7
DA:63,7
DA:64,0
DA:68,7
DA:69,0
DA:70,0
DA:71,0
DA:73,0
DA:78,7
DA:79,7
DA:81,7
DA:83,7
DA:84,0
DA:89,7
DA:90,7
DA:91,0
DA:94,7
DA:112,7
LF:29
LH:13
BRDA:38,0,0,7
BRDA:38,0,1,0
BRDA:41,1,0,0
BRDA:41,1,1,7
BRDA:41,2,0,7
BRDA:41,2,1,7
BRDA:45,3,0,0
BRDA:45,3,1,0
BRDA:52,4,0,0
BRDA:52,4,1,0
BRDA:62,5,0,0
BRDA:62,5,1,7
BRDA:62,6,0,0
BRDA:62,6,1,7
BRDA:63,7,0,7
BRDA:63,7,1,0
BRDA:63,8,0,7
BRDA:63,8,1,7
BRDA:63,8,2,0
BRDA:68,9,0,7
BRDA:68,9,1,0
BRDA:68,10,0,7
BRDA:68,10,1,0
BRDA:70,11,0,0
BRDA:70,11,1,0
BRDA:70,12,0,0
BRDA:70,12,1,0
BRDA:70,12,2,0
BRDA:70,12,3,0
BRDA:78,13,0,7
BRDA:78,13,1,0
BRDA:81,14,0,7
BRDA:81,14,1,7
BRDA:83,15,0,0
BRDA:83,15,1,7
BRDA:83,16,0,7
BRDA:83,16,1,7
BRDA:83,16,2,0
BRDA:90,17,0,0
BRDA:90,17,1,7
BRDA:90,18,0,7
BRDA:90,18,1,0
BRDA:90,18,2,0
BRF:43
BRH:19
end_of_record
TN:
SF:src\auth\tokens.ts
FN:15,nowIso
FN:20,base64Url
FN:29,tokenPepper
FN:41,hashToken
FN:46,generateRawToken
FN:53,mintApiToken
FN:85,verifyApiToken
FN:126,safeParseJsonArray
FN:130,(anonymous_8)
FNF:9
FNH:0
FNDA:0,nowIso
FNDA:0,base64Url
FNDA:0,tokenPepper
FNDA:0,hashToken
FNDA:0,generateRawToken
FNDA:0,mintApiToken
FNDA:0,verifyApiToken
FNDA:0,safeParseJsonArray
FNDA:0,(anonymous_8)
DA:16,0
DA:21,0
DA:30,0
DA:31,0
DA:33,0
DA:34,0
DA:36,0
DA:38,0
DA:42,0
DA:43,0
DA:48,0
DA:49,0
DA:50,0
DA:62,0
DA:63,0
DA:64,0
DA:66,0
DA:82,0
DA:89,0
DA:91,0
DA:98,0
DA:99,0
DA:101,0
DA:102,0
DA:103,0
DA:106,0
DA:109,0
DA:111,0
DA:127,0
DA:128,0
DA:129,0
DA:130,0
DA:131,0
DA:133,0
LF:34
LH:0
BRDA:31,0,0,0
BRDA:31,0,1,0
BRDA:31,1,0,0
BRDA:31,1,1,0
BRDA:33,2,0,0
BRDA:33,2,1,0
BRDA:49,3,0,0
BRDA:49,3,1,0
BRDA:75,4,0,0
BRDA:75,4,1,0
BRDA:76,5,0,0
BRDA:76,5,1,0
BRDA:77,6,0,0
BRDA:77,6,1,0
BRDA:98,7,0,0
BRDA:98,7,1,0
BRDA:99,8,0,0
BRDA:99,8,1,0
BRDA:101,9,0,0
BRDA:101,9,1,0
BRDA:103,10,0,0
BRDA:103,10,1,0
BRDA:103,11,0,0
BRDA:103,11,1,0
BRDA:117,12,0,0
BRDA:117,12,1,0
BRDA:118,13,0,0
BRDA:118,13,1,0
BRDA:119,14,0,0
BRDA:119,14,1,0
BRDA:127,15,0,0
BRDA:127,15,1,0
BRDA:127,16,0,0
BRDA:127,16,1,0
BRDA:130,17,0,0
BRDA:130,17,1,0
BRF:36
BRH:0
end_of_record
TN:
SF:src\db\migrateApiTokens.ts
FN:6,getVersion
FN:13,setVersion
FN:21,migrateApiTokensSchema
FNF:3
FNH:3
FNDA:19,getVersion
FNDA:19,setVersion
FNDA:19,migrateApiTokensSchema
DA:4,7
DA:7,19
DA:10,19
DA:14,19
DA:23,19
DA:30,19
DA:31,19
DA:33,19
DA:58,19
LF:9
LH:9
BRDA:10,0,0,0
BRDA:10,0,1,19
BRDA:31,1,0,0
BRDA:31,1,1,19
BRF:4
BRH:2
end_of_record
TN:
SF:src\db\migrateLabNotes.ts
FN:7,setLabNotesSchemaVersion
FN:31,sha256Hex
FN:35,nowIso
FN:39,getLabNotesSchemaVersion
FN:63,migrateLabNotesSchema
FN:145,(anonymous_5)
FN:303,(anonymous_6)
FN:683,safeParseJsonArray
FN:687,(anonymous_8)
FNF:9
FNH:5
FNDA:25,setLabNotesSchemaVersion
FNDA:0,sha256Hex
FNDA:0,nowIso
FNDA:25,getLabNotesSchemaVersion
FNDA:25,migrateLabNotesSchema
FNDA:87,(anonymous_5)
FNDA:23,(anonymous_6)
FNDA:0,safeParseJsonArray
FNDA:0,(anonymous_8)
DA:5,8
DA:8,25
DA:12,25
DA:14,23
DA:32,0
DA:36,0
DA:40,25
DA:44,25
DA:69,25
DA:74,25
DA:82,25
DA:87,25
DA:91,25
DA:144,25
DA:145,87
DA:148,25
DA:149,25
DA:150,775
DA:151,713
DA:152,713
DA:157,25
DA:175,25
DA:185,25
DA:196,25
DA:297,25
DA:300,25
DA:301,23
DA:303,23
DA:304,23
DA:312,23
DA:313,1
DA:317,1
DA:320,1
DA:324,23
DA:325,23
DA:330,25
DA:331,23
DA:428,25
DA:429,23
DA:573,25
DA:653,25
DA:655,25
DA:661,25
DA:669,2
DA:673,2
DA:675,2
DA:680,25
DA:684,0
DA:685,0
DA:686,0
DA:687,0
DA:688,0
DA:690,0
LF:53
LH:45
BRDA:12,0,0,2
BRDA:12,0,1,23
BRDA:44,1,0,2
BRDA:44,1,1,23
BRDA:150,2,0,713
BRDA:150,2,1,62
BRDA:300,3,0,23
BRDA:300,3,1,2
BRDA:317,4,0,0
BRDA:317,4,1,1
BRDA:330,5,0,23
BRDA:330,5,1,2
BRDA:428,6,0,23
BRDA:428,6,1,2
BRDA:661,7,0,2
BRDA:661,7,1,23
BRDA:662,8,0,25
BRDA:662,8,1,3
BRDA:662,8,2,1
BRDA:662,8,3,1
BRDA:662,8,4,1
BRDA:669,9,0,2
BRDA:669,9,1,0
BRDA:673,10,0,0
BRDA:673,10,1,2
BRDA:684,11,0,0
BRDA:684,11,1,0
BRDA:684,12,0,0
BRDA:684,12,1,0
BRDA:687,13,0,0
BRDA:687,13,1,0
BRF:31
BRH:22
end_of_record
TN:
SF:src\db\migrations\2025-01-dedupe-lab-notes-slugs.ts
FN:4,dedupeLabNotesSlugs
FNF:1
FNH:1
FNDA:19,dedupeLabNotesSlugs
DA:5,19
DA:7,19
DA:23,19
LF:3
LH:3
BRDA:4,0,0,19
BRDA:5,1,0,0
BRDA:5,1,1,19
BRF:3
BRH:2
end_of_record
TN:
SF:src\lib\helpers.ts
FN:3,normalizeLocale
FNF:1
FNH:1
FNDA:7,normalizeLocale
DA:4,7
DA:5,7
DA:8,7
DA:9,7
DA:12,0
DA:14,0
LF:6
LH:4
BRDA:4,0,0,7
BRDA:4,0,1,2
BRDA:5,1,0,0
BRDA:5,1,1,7
BRDA:9,2,0,7
BRDA:9,2,1,0
BRDA:9,3,0,7
BRDA:9,3,1,0
BRDA:12,4,0,0
BRDA:12,4,1,0
BRF:10
BRH:5
end_of_record
TN:
SF:src\mappers\labNotesMapper.ts
FN:3,deriveStatus
FN:7,normalizeStatus
FN:21,deriveType
FN:35,mapToLabNoteView
FN:95,mapToLabNotePreview
FNF:5
FNH:5
FNDA:1,deriveStatus
FNDA:3,normalizeStatus
FNDA:3,deriveType
FNDA:1,mapToLabNoteView
FNDA:2,mapToLabNotePreview
DA:4,1
DA:8,3
DA:9,3
DA:10,1
DA:13,7
DA:23,3
DA:25,3
DA:28,1
DA:29,1
DA:30,1
DA:31,1
DA:33,1
DA:56,1
DA:58,1
DA:116,2
DA:118,2
LF:16
LH:16
BRDA:4,0,0,1
BRDA:4,0,1,0
BRDA:8,1,0,3
BRDA:8,1,1,1
BRDA:9,2,0,2
BRDA:9,2,1,1
BRDA:9,3,0,3
BRDA:9,3,1,1
BRDA:9,3,2,1
BRDA:10,4,0,1
BRDA:10,4,1,0
BRDA:23,5,0,3
BRDA:23,5,1,1
BRDA:25,6,0,2
BRDA:25,6,1,1
BRDA:25,7,0,3
BRDA:25,7,1,2
BRDA:28,8,0,0
BRDA:28,8,1,1
BRDA:29,9,0,0
BRDA:29,9,1,1
BRDA:30,10,0,0
BRDA:30,10,1,1
BRDA:31,11,0,0
BRDA:31,11,1,1
BRDA:56,12,0,1
BRDA:56,12,1,0
BRDA:63,13,0,1
BRDA:63,13,1,1
BRDA:64,14,0,1
BRDA:64,14,1,0
BRDA:66,15,0,1
BRDA:66,15,1,1
BRDA:72,16,0,1
BRDA:72,16,1,1
BRDA:73,17,0,1
BRDA:73,17,1,1
BRDA:75,18,0,0
BRDA:75,18,1,1
BRDA:78,19,0,0
BRDA:78,19,1,0
BRDA:79,20,0,0
BRDA:79,20,1,0
BRDA:83,21,0,1
BRDA:83,21,1,0
BRDA:84,22,0,1
BRDA:84,22,1,0
BRDA:88,23,0,1
BRDA:88,23,1,0
BRDA:116,24,0,2
BRDA:116,24,1,0
BRDA:123,25,0,2
BRDA:123,25,1,2
BRDA:124,26,0,2
BRDA:124,26,1,0
BRDA:132,27,0,2
BRDA:132,27,1,0
BRDA:133,28,0,2
BRDA:133,28,1,0
BRDA:135,29,0,0
BRDA:135,29,1,2
BRDA:138,30,0,0
BRDA:138,30,1,0
BRDA:139,31,0,0
BRDA:139,31,1,0
BRDA:143,32,0,2
BRDA:143,32,1,0
BRDA:144,33,0,2
BRDA:144,33,1,0
BRDA:148,34,0,2
BRDA:148,34,1,0
BRF:71
BRH:43
end_of_record
TN:
SF:src\middleware\requireAdmin.ts
FN:4,getAuthToken
FN:11,parseAllowlist
FN:14,(anonymous_2)
FN:18,getSessionLogin
FN:29,(anonymous_4)
FNF:5
FNH:0
FNDA:0,getAuthToken
FNDA:0,parseAllowlist
FNDA:0,(anonymous_2)
FNDA:0,getSessionLogin
FNDA:0,(anonymous_4)
DA:5,0
DA:6,0
DA:7,0
DA:8,0
DA:12,0
DA:14,0
DA:20,0
DA:21,0
DA:22,0
DA:26,7
DA:27,7
DA:29,7
DA:31,0
DA:35,0
DA:38,0
DA:39,0
DA:42,0
DA:43,0
DA:44,0
DA:48,0
DA:55,0
DA:56,0
DA:60,0
DA:61,0
DA:64,0
LF:25
LH:3
BRDA:6,0,0,0
BRDA:6,0,1,0
BRDA:8,1,0,0
BRDA:8,1,1,0
BRDA:12,2,0,0
BRDA:12,2,1,0
BRDA:21,3,0,0
BRDA:21,3,1,0
BRDA:21,3,2,0
BRDA:22,4,0,0
BRDA:22,4,1,0
BRDA:31,5,0,0
BRDA:31,5,1,0
BRDA:32,6,0,0
BRDA:32,6,1,0
BRDA:38,7,0,0
BRDA:38,7,1,0
BRDA:43,8,0,0
BRDA:43,8,1,0
BRDA:55,9,0,0
BRDA:55,9,1,0
BRDA:60,10,0,0
BRDA:60,10,1,0
BRF:23
BRH:0
end_of_record
TN:
SF:src\routes\adminRoutes.ts
FN:8,registerAdminRoutes
FN:15,(anonymous_1)
FN:45,(anonymous_2)
FN:161,(anonymous_3)
FN:167,(anonymous_4)
FN:168,(anonymous_5)
FN:183,(anonymous_6)
FN:199,(anonymous_7)
FN:206,(anonymous_8)
FN:210,(anonymous_9)
FNF:10
FNH:7
FNDA:19,registerAdminRoutes
FNDA:4,(anonymous_1)
FNDA:9,(anonymous_2)
FNDA:1,(anonymous_3)
FNDA:1,(anonymous_4)
FNDA:1,(anonymous_5)
FNDA:1,(anonymous_6)
FNDA:0,(anonymous_7)
FNDA:0,(anonymous_8)
FNDA:0,(anonymous_9)
DA:10,19
DA:15,19
DA:16,4
DA:17,4
DA:34,4
DA:36,0
DA:45,19
DA:46,9
DA:66,9
DA:68,9
DA:69,7
DA:71,5
DA:72,5
DA:74,5
DA:75,5
DA:78,5
DA:82,5
DA:117,5
DA:142,5
DA:151,0
DA:161,19
DA:162,1
DA:163,1
DA:164,0
DA:167,19
DA:168,1
DA:170,1
DA:171,1
DA:172,1
DA:173,0
DA:174,0
DA:176,1
DA:178,0
DA:183,19
DA:184,1
DA:190,19
DA:191,0
DA:193,0
DA:201,0
DA:206,19
DA:207,0
DA:210,19
DA:211,0
LF:43
LH:32
BRDA:10,0,0,19
BRDA:10,0,1,19
BRDA:38,1,0,0
BRDA:38,1,1,0
BRDA:66,2,0,9
BRDA:66,2,1,0
BRDA:68,3,0,2
BRDA:68,3,1,7
BRDA:69,4,0,2
BRDA:69,4,1,5
BRDA:71,5,0,5
BRDA:71,5,1,5
BRDA:74,6,0,5
BRDA:74,6,1,5
BRDA:75,7,0,5
BRDA:75,7,1,0
BRDA:75,8,0,0
BRDA:75,8,1,0
BRDA:78,9,0,1
BRDA:78,9,1,4
BRDA:79,10,0,1
BRDA:79,10,1,1
BRDA:80,11,0,4
BRDA:80,11,1,4
BRDA:125,12,0,5
BRDA:125,12,1,5
BRDA:127,13,0,5
BRDA:127,13,1,5
BRDA:128,14,0,5
BRDA:128,14,1,5
BRDA:129,15,0,5
BRDA:129,15,1,3
BRDA:131,16,0,5
BRDA:131,16,1,5
BRDA:133,17,0,5
BRDA:133,17,1,5
BRDA:134,18,0,5
BRDA:134,18,1,5
BRDA:135,19,0,5
BRDA:135,19,1,5
BRDA:136,20,0,0
BRDA:136,20,1,5
BRDA:137,21,0,5
BRDA:137,21,1,5
BRDA:153,22,0,0
BRDA:153,22,1,0
BRDA:162,23,0,1
BRDA:162,23,1,1
BRDA:163,24,0,1
BRDA:163,24,1,0
BRDA:172,25,0,0
BRDA:172,25,1,1
BRDA:173,26,0,0
BRDA:173,26,1,0
BRDA:190,27,0,0
BRDA:190,27,1,19
BRF:56
BRH:42
end_of_record
TN:
SF:src\routes\adminTokensRoutes.ts
FN:6,registerAdminTokensRoutes
FN:8,(anonymous_1)
FN:15,(anonymous_2)
FN:24,(anonymous_3)
FN:29,(anonymous_4)
FN:46,(anonymous_5)
FN:53,safeParseJsonArray
FN:57,(anonymous_7)
FNF:8
FNH:1
FNDA:19,registerAdminTokensRoutes
FNDA:0,(anonymous_1)
FNDA:0,(anonymous_2)
FNDA:0,(anonymous_3)
FNDA:0,(anonymous_4)
FNDA:0,(anonymous_5)
FNDA:0,safeParseJsonArray
FNDA:0,(anonymous_7)
DA:8,19
DA:9,0
DA:15,0
DA:20,0
DA:24,19
DA:25,0
DA:26,0
DA:27,0
DA:29,0
DA:30,0
DA:33,0
DA:35,0
DA:42,0
DA:46,19
DA:47,0
DA:48,0
DA:49,0
DA:54,0
DA:55,0
DA:56,0
DA:57,0
DA:58,0
DA:60,0
LF:23
LH:3
BRDA:25,0,0,0
BRDA:25,0,1,0
BRDA:26,1,0,0
BRDA:26,1,1,0
BRDA:26,2,0,0
BRDA:26,2,1,0
BRDA:29,3,0,0
BRDA:29,3,1,0
BRDA:29,4,0,0
BRDA:29,4,1,0
BRDA:33,5,0,0
BRDA:33,5,1,0
BRDA:33,5,2,0
BRDA:38,6,0,0
BRDA:38,6,1,0
BRDA:54,7,0,0
BRDA:54,7,1,0
BRDA:54,8,0,0
BRDA:54,8,1,0
BRDA:57,9,0,0
BRDA:57,9,1,0
BRF:21
BRH:0
end_of_record
TN:
SF:src\routes\healthRoutes.ts
FN:4,registerHealthRoutes
FN:5,(anonymous_1)
FNF:2
FNH:2
FNDA:19,registerHealthRoutes
FNDA:1,(anonymous_1)
DA:5,19
DA:6,1
LF:2
LH:2
BRF:0
BRH:0
end_of_record
TN:
SF:src\routes\labNotesRoutes.ts
FN:13,registerLabNotesRoutes
FN:15,(anonymous_1)
FN:17,(anonymous_2)
FN:59,(anonymous_3)
FN:64,(anonymous_4)
FN:76,(anonymous_5)
FN:95,(anonymous_6)
FN:99,(anonymous_7)
FN:156,(anonymous_8)
FNF:9
FNH:4
FNDA:19,registerLabNotesRoutes
FNDA:2,(anonymous_1)
FNDA:0,(anonymous_2)
FNDA:2,(anonymous_3)
FNDA:0,(anonymous_4)
FNDA:2,(anonymous_5)
FNDA:0,(anonymous_6)
FNDA:0,(anonymous_7)
FNDA:0,(anonymous_8)
DA:15,19
DA:16,2
DA:17,2
DA:18,0
DA:19,0
DA:20,0
DA:21,0
DA:24,2
DA:26,2
DA:33,2
DA:43,2
DA:54,2
DA:59,2
DA:60,2
DA:64,2
DA:67,2
DA:69,0
DA:70,0
DA:71,0
DA:76,19
DA:77,2
DA:79,2
DA:89,2
DA:91,1
DA:95,1
DA:99,19
DA:101,0
DA:103,0
DA:104,0
DA:107,0
DA:108,0
DA:109,0
DA:110,0
DA:113,0
DA:116,0
DA:117,0
DA:118,0
DA:120,0
DA:121,0
DA:122,0
DA:125,0
DA:127,0
DA:131,0
DA:136,0
DA:139,0
DA:147,0
DA:150,0
DA:154,0
DA:156,0
DA:157,0
DA:158,0
DA:194,0
DA:196,0
DA:234,0
DA:238,0
DA:239,0
DA:240,0
DA:244,0
DA:245,0
DA:246,0
DA:254,0
LF:61
LH:19
BRDA:18,0,0,0
BRDA:18,0,1,0
BRDA:19,1,0,0
BRDA:19,1,1,0
BRDA:21,2,0,0
BRDA:21,2,1,0
BRDA:21,3,0,0
BRDA:21,3,1,0
BRDA:54,4,0,0
BRDA:54,4,1,2
BRDA:70,5,0,0
BRDA:70,5,1,0
BRDA:71,6,0,0
BRDA:71,6,1,0
BRDA:89,7,0,1
BRDA:89,7,1,1
BRDA:103,8,0,0
BRDA:103,8,1,0
BRDA:103,9,0,0
BRDA:103,9,1,0
BRDA:103,9,2,0
BRDA:116,10,0,0
BRDA:116,10,1,0
BRDA:117,11,0,0
BRDA:117,11,1,0
BRDA:118,12,0,0
BRDA:118,12,1,0
BRDA:120,13,0,0
BRDA:120,13,1,0
BRDA:121,14,0,0
BRDA:121,14,1,0
BRDA:122,15,0,0
BRDA:122,15,1,0
BRDA:125,16,0,0
BRDA:125,16,1,0
BRDA:127,17,0,0
BRDA:127,17,1,0
BRDA:127,18,0,0
BRDA:127,18,1,0
BRDA:127,19,0,0
BRDA:127,19,1,0
BRDA:131,20,0,0
BRDA:131,20,1,0
BRDA:132,21,0,0
BRDA:132,21,1,0
BRDA:132,22,0,0
BRDA:132,22,1,0
BRDA:136,23,0,0
BRDA:136,23,1,0
BRDA:139,24,0,0
BRDA:139,24,1,0
BRDA:147,25,0,0
BRDA:147,25,1,0
BRDA:154,26,0,0
BRDA:154,26,1,0
BRDA:157,27,0,0
BRDA:157,27,1,0
BRDA:240,28,0,0
BRDA:240,28,1,0
BRDA:251,29,0,0
BRDA:251,29,1,0
BRDA:254,30,0,0
BRDA:254,30,1,0
BRF:63
BRH:3
end_of_record
TN:
SF:tests\helpers\createTestApp.js
FN:9,api
FN:15,createTestApp
FNF:2
FNH:2
FNDA:24,api
FNDA:19,createTestApp
DA:10,24
DA:11,24
DA:12,24
DA:18,19
DA:19,5
DA:22,19
DA:23,19
DA:25,19
DA:27,19
DA:28,19
DA:29,19
DA:30,19
DA:32,19
DA:33,19
DA:35,19
LF:15
LH:15
BRDA:10,0,0,24
BRDA:10,0,1,24
BRDA:11,1,0,24
BRDA:11,1,1,0
BRDA:18,2,0,5
BRDA:18,2,1,14
BRDA:18,3,0,19
BRDA:18,3,1,5
BRF:8
BRH:7
end_of_record
